d:\onedrive\desktop\fs2020_motionexporter_forhexpod\x64\release\vc143.pdb
d:\onedrive\desktop\fs2020_motionexporter_forhexpod\x64\release\udp_talker.obj
d:\onedrive\desktop\fs2020_motionexporter_forhexpod\x64\release\main.obj
d:\onedrive\desktop\fs2020_motionexporter_forhexpod\x64\release\addgravity.obj
d:\onedrive\desktop\fs2020_motionexporter_forhexpod\x64\release\fs2dcs.ipdb
d:\onedrive\desktop\fs2020_motionexporter_forhexpod\x64\release\fs2dcs.iobj
d:\onedrive\desktop\fs2020_motionexporter_forhexpod\x64\release\fs2dcs.exe
d:\onedrive\desktop\fs2020_motionexporter_forhexpod\x64\release\fs2dcs.pdb
d:\onedrive\desktop\fs2dcs\x64\release\addgravity.obj
d:\onedrive\desktop\fs2dcs\x64\release\main.obj
d:\onedrive\desktop\fs2dcs\x64\release\udp_talker.obj
d:\onedrive\desktop\fs2dcs\x64\release\fs2dcs.ipdb
d:\onedrive\desktop\fs2dcs\x64\release\fs2dcs.iobj
d:\onedrive\desktop\fs2dcs\x64\release\fs2dcs.pdb
d:\onedrive\desktop\fs2dcs\x64\release\vc143.pdb
d:\onedrive\desktop\fs2dcs\x64\release\fs2dcs.exe
d:\onedrive\desktop\fs2dcs\x64\release\fs2dcs.tlog\cl.command.1.tlog
d:\onedrive\desktop\fs2dcs\x64\release\fs2dcs.tlog\cl.read.1.tlog
d:\onedrive\desktop\fs2dcs\x64\release\fs2dcs.tlog\cl.write.1.tlog
d:\onedrive\desktop\fs2dcs\x64\release\fs2dcs.tlog\fs2dcs.write.1u.tlog
d:\onedrive\desktop\fs2dcs\x64\release\fs2dcs.tlog\link.command.1.tlog
d:\onedrive\desktop\fs2dcs\x64\release\fs2dcs.tlog\link.read.1.tlog
d:\onedrive\desktop\fs2dcs\x64\release\fs2dcs.tlog\link.write.1.tlog
